Determining if the pthread_create exist failed with the following output:
Change Dir: /home/luis/Documentos/embarcados/pcs3x58-embedded-systems/head-mounted-sensors/CMakeFiles/CMakeTmp

Run Build Command:"/usr/bin/make" "cmTC_04f8c/fast"
/usr/bin/make -f CMakeFiles/cmTC_04f8c.dir/build.make CMakeFiles/cmTC_04f8c.dir/build
make[1]: Entering directory '/home/luis/Documentos/embarcados/pcs3x58-embedded-systems/head-mounted-sensors/CMakeFiles/CMakeTmp'
Building C object CMakeFiles/cmTC_04f8c.dir/CheckSymbolExists.c.o
/usr/bin/cc    -o CMakeFiles/cmTC_04f8c.dir/CheckSymbolExists.c.o   -c /home/luis/Documentos/embarcados/pcs3x58-embedded-systems/head-mounted-sensors/CMakeFiles/CMakeTmp/CheckSymbolExists.c
Linking C executable cmTC_04f8c
/usr/bin/cmake -E cmake_link_script CMakeFiles/cmTC_04f8c.dir/link.txt --verbose=1
/usr/bin/cc      CMakeFiles/cmTC_04f8c.dir/CheckSymbolExists.c.o  -o cmTC_04f8c 
CMakeFiles/cmTC_04f8c.dir/CheckSymbolExists.c.o: Na função "main":
CheckSymbolExists.c:(.text+0x1b): referência não definida para "pthread_create"
collect2: error: ld returned 1 exit status
CMakeFiles/cmTC_04f8c.dir/build.make:97: recipe for target 'cmTC_04f8c' failed
make[1]: *** [cmTC_04f8c] Error 1
make[1]: Leaving directory '/home/luis/Documentos/embarcados/pcs3x58-embedded-systems/head-mounted-sensors/CMakeFiles/CMakeTmp'
Makefile:126: recipe for target 'cmTC_04f8c/fast' failed
make: *** [cmTC_04f8c/fast] Error 2

File /home/luis/Documentos/embarcados/pcs3x58-embedded-systems/head-mounted-sensors/CMakeFiles/CMakeTmp/CheckSymbolExists.c:
/* */
#include <pthread.h>

int main(int argc, char** argv)
{
  (void)argv;
#ifndef pthread_create
  return ((int*)(&pthread_create))[argc];
#else
  (void)argc;
  return 0;
#endif
}

Determining if the function pthread_create exists in the pthreads failed with the following output:
Change Dir: /home/luis/Documentos/embarcados/pcs3x58-embedded-systems/head-mounted-sensors/CMakeFiles/CMakeTmp

Run Build Command:"/usr/bin/make" "cmTC_2c68a/fast"
/usr/bin/make -f CMakeFiles/cmTC_2c68a.dir/build.make CMakeFiles/cmTC_2c68a.dir/build
make[1]: Entering directory '/home/luis/Documentos/embarcados/pcs3x58-embedded-systems/head-mounted-sensors/CMakeFiles/CMakeTmp'
Building C object CMakeFiles/cmTC_2c68a.dir/CheckFunctionExists.c.o
/usr/bin/cc   -DCHECK_FUNCTION_EXISTS=pthread_create   -o CMakeFiles/cmTC_2c68a.dir/CheckFunctionExists.c.o   -c /usr/share/cmake-3.10/Modules/CheckFunctionExists.c
Linking C executable cmTC_2c68a
/usr/bin/cmake -E cmake_link_script CMakeFiles/cmTC_2c68a.dir/link.txt --verbose=1
/usr/bin/cc  -DCHECK_FUNCTION_EXISTS=pthread_create    CMakeFiles/cmTC_2c68a.dir/CheckFunctionExists.c.o  -o cmTC_2c68a -lpthreads 
/usr/bin/ld: não foi possível localizar -lpthreads
collect2: error: ld returned 1 exit status
CMakeFiles/cmTC_2c68a.dir/build.make:97: recipe for target 'cmTC_2c68a' failed
make[1]: *** [cmTC_2c68a] Error 1
make[1]: Leaving directory '/home/luis/Documentos/embarcados/pcs3x58-embedded-systems/head-mounted-sensors/CMakeFiles/CMakeTmp'
Makefile:126: recipe for target 'cmTC_2c68a/fast' failed
make: *** [cmTC_2c68a/fast] Error 2


